[     154ms] [INFO] %cDownload the React DevTools for a better development experience: https://react.dev/link/react-devtools font-weight:bold @ http://localhost:3000/_next/static/chunks/38e83_next_dist_fcd535bf._.js:2297
[     171ms] [LOG] [HMR] connected @ http://localhost:3000/_next/static/chunks/38e83_next_dist_fcd535bf._.js:2297
[    3185ms] [WARNING] The resource http://localhost:3000/_next/static/chunks/%5Broot-of-the-server%5D__86e6d70c._.css was preloaded using link preload but not used within a few seconds from the window's load event. Please make sure it has an appropriate `as` value and it is preloaded intentionally. @ http://localhost:3000/about:0
[    3185ms] [WARNING] The resource http://localhost:3000/_next/static/media/797e433ab948586e-s.p.dbea232f.woff2 was preloaded using link preload but not used within a few seconds from the window's load event. Please make sure it has an appropriate `as` value and it is preloaded intentionally. @ http://localhost:3000/about:0
[    3185ms] [WARNING] The resource http://localhost:3000/_next/static/media/caa3a2e1cccd8315-s.p.853070df.woff2 was preloaded using link preload but not used within a few seconds from the window's load event. Please make sure it has an appropriate `as` value and it is preloaded intentionally. @ http://localhost:3000/about:0
[   43544ms] [ERROR] WebSocket connection to 'ws://localhost:3000/_next/webpack-hmr?id=c9GKQLSMILollKzobkNrM' failed:  @ http://localhost:3000/_next/static/chunks/38e83_next_dist_client_cad49bac._.js:10878
[   44553ms] [ERROR] WebSocket connection to 'ws://localhost:3000/_next/webpack-hmr?id=c9GKQLSMILollKzobkNrM' failed: Error in connection establishment: net::ERR_CONNECTION_REFUSED @ http://localhost:3000/_next/static/chunks/38e83_next_dist_client_cad49bac._.js:10878
[   45555ms] [ERROR] WebSocket connection to 'ws://localhost:3000/_next/webpack-hmr?id=c9GKQLSMILollKzobkNrM' failed: Error in connection establishment: net::ERR_CONNECTION_REFUSED @ http://localhost:3000/_next/static/chunks/38e83_next_dist_client_cad49bac._.js:10878
[   46558ms] [ERROR] WebSocket connection to 'ws://localhost:3000/_next/webpack-hmr?id=c9GKQLSMILollKzobkNrM' failed: Error in connection establishment: net::ERR_CONNECTION_REFUSED @ http://localhost:3000/_next/static/chunks/38e83_next_dist_client_cad49bac._.js:10878
[   47562ms] [ERROR] WebSocket connection to 'ws://localhost:3000/_next/webpack-hmr?id=c9GKQLSMILollKzobkNrM' failed: Error in connection establishment: net::ERR_CONNECTION_REFUSED @ http://localhost:3000/_next/static/chunks/38e83_next_dist_client_cad49bac._.js:10878
[   48565ms] [ERROR] WebSocket connection to 'ws://localhost:3000/_next/webpack-hmr?id=c9GKQLSMILollKzobkNrM' failed: Error in connection establishment: net::ERR_CONNECTION_REFUSED @ http://localhost:3000/_next/static/chunks/38e83_next_dist_client_cad49bac._.js:10878
[   53573ms] [ERROR] WebSocket connection to 'ws://localhost:3000/_next/webpack-hmr?id=c9GKQLSMILollKzobkNrM' failed: Error in connection establishment: net::ERR_CONNECTION_REFUSED @ http://localhost:3000/_next/static/chunks/38e83_next_dist_client_cad49bac._.js:10878
[   58578ms] [ERROR] WebSocket connection to 'ws://localhost:3000/_next/webpack-hmr?id=c9GKQLSMILollKzobkNrM' failed: Error in connection establishment: net::ERR_CONNECTION_REFUSED @ http://localhost:3000/_next/static/chunks/38e83_next_dist_client_cad49bac._.js:10878
[   63597ms] [ERROR] WebSocket connection to 'ws://localhost:3000/_next/webpack-hmr?id=c9GKQLSMILollKzobkNrM' failed: Error in connection establishment: net::ERR_CONNECTION_REFUSED @ http://localhost:3000/_next/static/chunks/38e83_next_dist_client_cad49bac._.js:10878
[   68637ms] [ERROR] WebSocket connection to 'ws://localhost:3000/_next/webpack-hmr?id=c9GKQLSMILollKzobkNrM' failed: Error in connection establishment: net::ERR_CONNECTION_REFUSED @ http://localhost:3000/_next/static/chunks/38e83_next_dist_client_cad49bac._.js:10878
[   73700ms] [ERROR] WebSocket connection to 'ws://localhost:3000/_next/webpack-hmr?id=c9GKQLSMILollKzobkNrM' failed: Error in connection establishment: net::ERR_CONNECTION_REFUSED @ http://localhost:3000/_next/static/chunks/38e83_next_dist_client_cad49bac._.js:10878
[   78843ms] [ERROR] WebSocket connection to 'ws://localhost:3000/_next/webpack-hmr?id=c9GKQLSMILollKzobkNrM' failed: Error in connection establishment: net::ERR_CONNECTION_REFUSED @ http://localhost:3000/_next/static/chunks/38e83_next_dist_client_cad49bac._.js:10878
[   84162ms] [ERROR] WebSocket connection to 'ws://localhost:3000/_next/webpack-hmr?id=c9GKQLSMILollKzobkNrM' failed: Error in connection establishment: net::ERR_CONNECTION_REFUSED @ http://localhost:3000/_next/static/chunks/38e83_next_dist_client_cad49bac._.js:10878
[ 5511979ms] [INFO] %cDownload the React DevTools for a better development experience: https://react.dev/link/react-devtools font-weight:bold @ http://localhost:3000/_next/static/chunks/38e83_next_dist_fcd535bf._.js:2297
[ 5512071ms] [LOG] [HMR] connected @ http://localhost:3000/_next/static/chunks/38e83_next_dist_fcd535bf._.js:2297
[ 5515112ms] [WARNING] The resource http://localhost:3000/_next/static/chunks/%5Broot-of-the-server%5D__86e6d70c._.css was preloaded using link preload but not used within a few seconds from the window's load event. Please make sure it has an appropriate `as` value and it is preloaded intentionally. @ http://localhost:3000/about:0
[ 5515113ms] [WARNING] The resource http://localhost:3000/_next/static/media/797e433ab948586e-s.p.dbea232f.woff2 was preloaded using link preload but not used within a few seconds from the window's load event. Please make sure it has an appropriate `as` value and it is preloaded intentionally. @ http://localhost:3000/about:0
[ 5515113ms] [WARNING] The resource http://localhost:3000/_next/static/media/caa3a2e1cccd8315-s.p.853070df.woff2 was preloaded using link preload but not used within a few seconds from the window's load event. Please make sure it has an appropriate `as` value and it is preloaded intentionally. @ http://localhost:3000/about:0
[ 5665801ms] [LOG] [Fast Refresh] rebuilding @ http://localhost:3000/_next/static/chunks/38e83_next_dist_fcd535bf._.js:2297
[ 5666412ms] Error: No link element found for chunk /_next/static/chunks/%5Broot-of-the-server%5D__86e6d70c._.css
    at http://localhost:3000/_next/static/chunks/turbopack-_ebafe6b6._.js:1801:28
    at new Promise (<anonymous>)
    at Object.reloadChunk (http://localhost:3000/_next/static/chunks/turbopack-_ebafe6b6._.js:1793:20)
    at applyChunkListUpdate (http://localhost:3000/_next/static/chunks/turbopack-_ebafe6b6._.js:1174:46)
    at applyUpdate (http://localhost:3000/_next/static/chunks/turbopack-_ebafe6b6._.js:1148:13)
    at handleApply (http://localhost:3000/_next/static/chunks/turbopack-_ebafe6b6._.js:1368:17)
    at triggerUpdate (http://localhost:3000/_next/static/chunks/%5Bturbopack%5D_browser_dev_hmr-client_hmr-client_ts_c8c997ce._.js:452:9)
    at applyAggregatedUpdates (http://localhost:3000/_next/static/chunks/%5Bturbopack%5D_browser_dev_hmr-client_hmr-client_ts_c8c997ce._.js:98:9)
    at http://localhost:3000/_next/static/chunks/%5Bturbopack%5D_browser_dev_hmr-client_hmr-client_ts_c8c997ce._.js:32:21
    at processTurbopackMessage (http://localhost:3000/_next/static/chunks/38e83_next_dist_client_cad49bac._.js:10950:13)
    at processMessage (http://localhost:3000/_next/static/chunks/38e83_next_dist_client_cad49bac._.js:11591:17)
    at WebSocket.handleMessage (http://localhost:3000/_next/static/chunks/38e83_next_dist_client_cad49bac._.js:10914:52)
[ 5666416ms] [LOG] [Fast Refresh] done in 683ms @ http://localhost:3000/_next/static/chunks/38e83_next_dist_fcd535bf._.js:2297
[ 5669533ms] [WARNING] The resource http://localhost:3000/_next/static/chunks/%5Broot-of-the-server%5D__86e6d70c._.css was preloaded using link preload but not used within a few seconds from the window's load event. Please make sure it has an appropriate `as` value and it is preloaded intentionally. @ http://localhost:3000/about:0
[ 5669534ms] [WARNING] The resource http://localhost:3000/_next/static/media/797e433ab948586e-s.p.dbea232f.woff2 was preloaded using link preload but not used within a few seconds from the window's load event. Please make sure it has an appropriate `as` value and it is preloaded intentionally. @ http://localhost:3000/about:0
[ 5669534ms] [WARNING] The resource http://localhost:3000/_next/static/media/caa3a2e1cccd8315-s.p.853070df.woff2 was preloaded using link preload but not used within a few seconds from the window's load event. Please make sure it has an appropriate `as` value and it is preloaded intentionally. @ http://localhost:3000/about:0
[ 5691194ms] [LOG] [Fast Refresh] rebuilding @ http://localhost:3000/_next/static/chunks/38e83_next_dist_fcd535bf._.js:2297
[ 5691277ms] Error: No link element found for chunk /_next/static/chunks/%5Broot-of-the-server%5D__86e6d70c._.css
    at http://localhost:3000/_next/static/chunks/turbopack-_ebafe6b6._.js:1801:28
    at new Promise (<anonymous>)
    at Object.reloadChunk (http://localhost:3000/_next/static/chunks/turbopack-_ebafe6b6._.js:1793:20)
    at applyChunkListUpdate (http://localhost:3000/_next/static/chunks/turbopack-_ebafe6b6._.js:1174:46)
    at applyUpdate (http://localhost:3000/_next/static/chunks/turbopack-_ebafe6b6._.js:1148:13)
    at handleApply (http://localhost:3000/_next/static/chunks/turbopack-_ebafe6b6._.js:1368:17)
    at triggerUpdate (http://localhost:3000/_next/static/chunks/%5Bturbopack%5D_browser_dev_hmr-client_hmr-client_ts_c8c997ce._.js:452:9)
    at applyAggregatedUpdates (http://localhost:3000/_next/static/chunks/%5Bturbopack%5D_browser_dev_hmr-client_hmr-client_ts_c8c997ce._.js:98:9)
    at http://localhost:3000/_next/static/chunks/%5Bturbopack%5D_browser_dev_hmr-client_hmr-client_ts_c8c997ce._.js:32:21
    at processTurbopackMessage (http://localhost:3000/_next/static/chunks/38e83_next_dist_client_cad49bac._.js:10950:13)
    at processMessage (http://localhost:3000/_next/static/chunks/38e83_next_dist_client_cad49bac._.js:11591:17)
    at WebSocket.handleMessage (http://localhost:3000/_next/static/chunks/38e83_next_dist_client_cad49bac._.js:10914:52)
[ 5691302ms] [LOG] [Fast Refresh] done in 152ms @ http://localhost:3000/_next/static/chunks/38e83_next_dist_fcd535bf._.js:2297
[ 5694277ms] [WARNING] The resource http://localhost:3000/_next/static/chunks/%5Broot-of-the-server%5D__86e6d70c._.css was preloaded using link preload but not used within a few seconds from the window's load event. Please make sure it has an appropriate `as` value and it is preloaded intentionally. @ http://localhost:3000/about:0
[ 5694277ms] [WARNING] The resource http://localhost:3000/_next/static/media/797e433ab948586e-s.p.dbea232f.woff2 was preloaded using link preload but not used within a few seconds from the window's load event. Please make sure it has an appropriate `as` value and it is preloaded intentionally. @ http://localhost:3000/about:0
[ 5694277ms] [WARNING] The resource http://localhost:3000/_next/static/media/caa3a2e1cccd8315-s.p.853070df.woff2 was preloaded using link preload but not used within a few seconds from the window's load event. Please make sure it has an appropriate `as` value and it is preloaded intentionally. @ http://localhost:3000/about:0
