[     216ms] [LOG] [Fast Refresh] rebuilding @ http://localhost:3000/_next/static/chunks/38e83_next_dist_fcd535bf._.js:2297
[     295ms] [LOG] [Fast Refresh] done in 180ms @ http://localhost:3000/_next/static/chunks/38e83_next_dist_fcd535bf._.js:2297
[     516ms] [INFO] %cDownload the React DevTools for a better development experience: https://react.dev/link/react-devtools font-weight:bold @ http://localhost:3000/_next/static/chunks/38e83_next_dist_fcd535bf._.js:2297
[     532ms] [WARNING] %c%s%c [33m[1m⚠[22m[39m metadataBase property in metadata export is not set for resolving social open graph or twitter images, using "http://localhost:3000". See https://nextjs.org/docs/app/api-reference/functions/generate-metadata#metadatabase background: #e6e6e6;background: light-dark(rgba(0,0,0,0.1), rgba(255,255,255,0.25));color: #000000;color: light-dark(#000000, #ffffff);border-radius: 2px  Server   @ http://localhost:3000/_next/static/chunks/38e83_next_dist_fcd535bf._.js:2297
[     549ms] [LOG] [HMR] connected @ http://localhost:3000/_next/static/chunks/38e83_next_dist_fcd535bf._.js:2297
[    3573ms] [WARNING] The resource http://localhost:3000/_next/static/chunks/%5Broot-of-the-server%5D__86e6d70c._.css was preloaded using link preload but not used within a few seconds from the window's load event. Please make sure it has an appropriate `as` value and it is preloaded intentionally. @ http://localhost:3000/merchant/login:0
[    3573ms] [WARNING] The resource http://localhost:3000/_next/static/media/797e433ab948586e-s.p.dbea232f.woff2 was preloaded using link preload but not used within a few seconds from the window's load event. Please make sure it has an appropriate `as` value and it is preloaded intentionally. @ http://localhost:3000/merchant/login:0
[    3573ms] [WARNING] The resource http://localhost:3000/_next/static/media/caa3a2e1cccd8315-s.p.853070df.woff2 was preloaded using link preload but not used within a few seconds from the window's load event. Please make sure it has an appropriate `as` value and it is preloaded intentionally. @ http://localhost:3000/merchant/login:0
[   36098ms] [ERROR] WebSocket connection to 'ws://localhost:3000/_next/webpack-hmr?id=mZIE6XyXq50QacdKYFNwS' failed:  @ http://localhost:3000/_next/static/chunks/38e83_next_dist_client_cad49bac._.js:10878
[   37158ms] [ERROR] WebSocket connection to 'ws://localhost:3000/_next/webpack-hmr?id=mZIE6XyXq50QacdKYFNwS' failed: Error in connection establishment: net::ERR_CONNECTION_REFUSED @ http://localhost:3000/_next/static/chunks/38e83_next_dist_client_cad49bac._.js:10878
[   38161ms] [ERROR] WebSocket connection to 'ws://localhost:3000/_next/webpack-hmr?id=mZIE6XyXq50QacdKYFNwS' failed: Error in connection establishment: net::ERR_CONNECTION_REFUSED @ http://localhost:3000/_next/static/chunks/38e83_next_dist_client_cad49bac._.js:10878
[   39165ms] [ERROR] WebSocket connection to 'ws://localhost:3000/_next/webpack-hmr?id=mZIE6XyXq50QacdKYFNwS' failed: Error in connection establishment: net::ERR_CONNECTION_REFUSED @ http://localhost:3000/_next/static/chunks/38e83_next_dist_client_cad49bac._.js:10878
[   40172ms] [ERROR] WebSocket connection to 'ws://localhost:3000/_next/webpack-hmr?id=mZIE6XyXq50QacdKYFNwS' failed: Error in connection establishment: net::ERR_CONNECTION_REFUSED @ http://localhost:3000/_next/static/chunks/38e83_next_dist_client_cad49bac._.js:10878
[   41175ms] [ERROR] WebSocket connection to 'ws://localhost:3000/_next/webpack-hmr?id=mZIE6XyXq50QacdKYFNwS' failed: Error in connection establishment: net::ERR_CONNECTION_REFUSED @ http://localhost:3000/_next/static/chunks/38e83_next_dist_client_cad49bac._.js:10878
[   46189ms] [ERROR] WebSocket connection to 'ws://localhost:3000/_next/webpack-hmr?id=mZIE6XyXq50QacdKYFNwS' failed: Error in connection establishment: net::ERR_CONNECTION_REFUSED @ http://localhost:3000/_next/static/chunks/38e83_next_dist_client_cad49bac._.js:10878
[   51208ms] [ERROR] WebSocket connection to 'ws://localhost:3000/_next/webpack-hmr?id=mZIE6XyXq50QacdKYFNwS' failed: Error in connection establishment: net::ERR_CONNECTION_REFUSED @ http://localhost:3000/_next/static/chunks/38e83_next_dist_client_cad49bac._.js:10878
[   56225ms] [ERROR] WebSocket connection to 'ws://localhost:3000/_next/webpack-hmr?id=mZIE6XyXq50QacdKYFNwS' failed: Error in connection establishment: net::ERR_CONNECTION_REFUSED @ http://localhost:3000/_next/static/chunks/38e83_next_dist_client_cad49bac._.js:10878
[   61250ms] [ERROR] WebSocket connection to 'ws://localhost:3000/_next/webpack-hmr?id=mZIE6XyXq50QacdKYFNwS' failed: Error in connection establishment: net::ERR_CONNECTION_REFUSED @ http://localhost:3000/_next/static/chunks/38e83_next_dist_client_cad49bac._.js:10878
[   66283ms] [ERROR] WebSocket connection to 'ws://localhost:3000/_next/webpack-hmr?id=mZIE6XyXq50QacdKYFNwS' failed: Error in connection establishment: net::ERR_CONNECTION_REFUSED @ http://localhost:3000/_next/static/chunks/38e83_next_dist_client_cad49bac._.js:10878
[   71334ms] [ERROR] WebSocket connection to 'ws://localhost:3000/_next/webpack-hmr?id=mZIE6XyXq50QacdKYFNwS' failed: Error in connection establishment: net::ERR_CONNECTION_REFUSED @ http://localhost:3000/_next/static/chunks/38e83_next_dist_client_cad49bac._.js:10878
[   76416ms] [ERROR] WebSocket connection to 'ws://localhost:3000/_next/webpack-hmr?id=mZIE6XyXq50QacdKYFNwS' failed: Error in connection establishment: net::ERR_CONNECTION_REFUSED @ http://localhost:3000/_next/static/chunks/38e83_next_dist_client_cad49bac._.js:10878
[  473427ms] [INFO] %cDownload the React DevTools for a better development experience: https://react.dev/link/react-devtools font-weight:bold @ http://localhost:3000/_next/static/chunks/38e83_next_dist_fcd535bf._.js:2297
[  473498ms] [LOG] [HMR] connected @ http://localhost:3000/_next/static/chunks/38e83_next_dist_fcd535bf._.js:2297
[  476546ms] [WARNING] The resource http://localhost:3000/_next/static/chunks/%5Broot-of-the-server%5D__86e6d70c._.css was preloaded using link preload but not used within a few seconds from the window's load event. Please make sure it has an appropriate `as` value and it is preloaded intentionally. @ http://localhost:3000/merchant/login:0
[  476546ms] [WARNING] The resource http://localhost:3000/_next/static/media/797e433ab948586e-s.p.dbea232f.woff2 was preloaded using link preload but not used within a few seconds from the window's load event. Please make sure it has an appropriate `as` value and it is preloaded intentionally. @ http://localhost:3000/merchant/login:0
[  476546ms] [WARNING] The resource http://localhost:3000/_next/static/media/caa3a2e1cccd8315-s.p.853070df.woff2 was preloaded using link preload but not used within a few seconds from the window's load event. Please make sure it has an appropriate `as` value and it is preloaded intentionally. @ http://localhost:3000/merchant/login:0
[  481772ms] [LOG] [Fast Refresh] rebuilding @ http://localhost:3000/_next/static/chunks/38e83_next_dist_fcd535bf._.js:2297
[  481779ms] [LOG] [Fast Refresh] done in 111ms @ http://localhost:3000/_next/static/chunks/38e83_next_dist_fcd535bf._.js:2297
[  482005ms] [LOG] [Fast Refresh] rebuilding @ http://localhost:3000/_next/static/chunks/38e83_next_dist_fcd535bf._.js:2297
[  482134ms] [LOG] [Fast Refresh] done in 230ms @ http://localhost:3000/_next/static/chunks/38e83_next_dist_fcd535bf._.js:2297
[  548894ms] [LOG] [Fast Refresh] rebuilding @ http://localhost:3000/_next/static/chunks/38e83_next_dist_fcd535bf._.js:2297
[  552334ms] [WARNING] The resource http://localhost:3000/_next/static/chunks/%5Broot-of-the-server%5D__86e6d70c._.css was preloaded using link preload but not used within a few seconds from the window's load event. Please make sure it has an appropriate `as` value and it is preloaded intentionally. @ http://localhost:3000/merchant/login:0
[  552334ms] [WARNING] The resource http://localhost:3000/_next/static/media/797e433ab948586e-s.p.dbea232f.woff2 was preloaded using link preload but not used within a few seconds from the window's load event. Please make sure it has an appropriate `as` value and it is preloaded intentionally. @ http://localhost:3000/merchant/login:0
[  552334ms] [WARNING] The resource http://localhost:3000/_next/static/media/caa3a2e1cccd8315-s.p.853070df.woff2 was preloaded using link preload but not used within a few seconds from the window's load event. Please make sure it has an appropriate `as` value and it is preloaded intentionally. @ http://localhost:3000/merchant/login:0
[  553484ms] [WARNING] %c%s%c [33m[1m⚠[22m[39m metadataBase property in metadata export is not set for resolving social open graph or twitter images, using "http://localhost:3000". See https://nextjs.org/docs/app/api-reference/functions/generate-metadata#metadatabase background: #e6e6e6;background: light-dark(rgba(0,0,0,0.1), rgba(255,255,255,0.25));color: #000000;color: light-dark(#000000, #ffffff);border-radius: 2px  Server   @ http://localhost:3000/_next/static/chunks/38e83_next_dist_fcd535bf._.js:2297
[  554250ms] [LOG] [Fast Refresh] done in 5451ms @ http://localhost:3000/_next/static/chunks/38e83_next_dist_fcd535bf._.js:2297
[  554408ms] [WARNING] [HMR] Invalid message: {"isTrusted":true}
TypeError: Cannot convert undefined or null to object
    at Object.keys (<anonymous>)
    at extractModulesFromTurbopackMessage (http://localhost:3000/_next/static/chunks/38e83_next_dist_client_cad49bac._.js:11210:39)
    at TurbopackHmr.onTurbopackMessage (http://localhost:3000/_next/static/chunks/38e83_next_dist_client_cad49bac._.js:11157:32)
    at processMessage (http://localhost:3000/_next/static/chunks/38e83_next_dist_client_cad49bac._.js:11589:30)
    at WebSocket.handleMessage (http://localhost:3000/_next/static/chunks/38e83_next_dist_client_cad49bac._.js:10914:52) @ http://localhost:3000/_next/static/chunks/38e83_next_dist_fcd535bf._.js:2297
[  555209ms] [WARNING] %c%s%c [33m[1m⚠[22m[39m metadataBase property in metadata export is not set for resolving social open graph or twitter images, using "http://localhost:3000". See https://nextjs.org/docs/app/api-reference/functions/generate-metadata#metadatabase background: #e6e6e6;background: light-dark(rgba(0,0,0,0.1), rgba(255,255,255,0.25));color: #000000;color: light-dark(#000000, #ffffff);border-radius: 2px  Server   @ http://localhost:3000/_next/static/chunks/38e83_next_dist_fcd535bf._.js:2297
[  555762ms] [WARNING] The resource http://localhost:3000/_next/static/chunks/%5Broot-of-the-server%5D__86e6d70c._.css was preloaded using link preload but not used within a few seconds from the window's load event. Please make sure it has an appropriate `as` value and it is preloaded intentionally. @ http://localhost:3000/merchant/login:0
[  555762ms] [WARNING] The resource http://localhost:3000/_next/static/media/797e433ab948586e-s.p.dbea232f.woff2 was preloaded using link preload but not used within a few seconds from the window's load event. Please make sure it has an appropriate `as` value and it is preloaded intentionally. @ http://localhost:3000/merchant/login:0
[  555762ms] [WARNING] The resource http://localhost:3000/_next/static/media/caa3a2e1cccd8315-s.p.853070df.woff2 was preloaded using link preload but not used within a few seconds from the window's load event. Please make sure it has an appropriate `as` value and it is preloaded intentionally. @ http://localhost:3000/merchant/login:0
[  556099ms] [LOG] [Fast Refresh] rebuilding @ http://localhost:3000/_next/static/chunks/38e83_next_dist_fcd535bf._.js:2297
[  556109ms] [LOG] [Fast Refresh] done in 112ms @ http://localhost:3000/_next/static/chunks/38e83_next_dist_fcd535bf._.js:2297
[  557095ms] [LOG] [Fast Refresh] rebuilding @ http://localhost:3000/_next/static/chunks/38e83_next_dist_fcd535bf._.js:2297
[  557096ms] [LOG] [Fast Refresh] done in 102ms @ http://localhost:3000/_next/static/chunks/38e83_next_dist_fcd535bf._.js:2297
[  557224ms] [LOG] [Fast Refresh] rebuilding @ http://localhost:3000/_next/static/chunks/38e83_next_dist_fcd535bf._.js:2297
[  557229ms] [LOG] [Fast Refresh] done in 105ms @ http://localhost:3000/_next/static/chunks/38e83_next_dist_fcd535bf._.js:2297
[  558726ms] [LOG] [Fast Refresh] rebuilding @ http://localhost:3000/_next/static/chunks/38e83_next_dist_fcd535bf._.js:2297
[  558750ms] [LOG] [Fast Refresh] done in 126ms @ http://localhost:3000/_next/static/chunks/38e83_next_dist_fcd535bf._.js:2297
[  559417ms] [LOG] [Fast Refresh] rebuilding @ http://localhost:3000/_next/static/chunks/38e83_next_dist_fcd535bf._.js:2297
[  559437ms] [LOG] [Fast Refresh] done in 121ms @ http://localhost:3000/_next/static/chunks/38e83_next_dist_fcd535bf._.js:2297
[  560853ms] [LOG] [Fast Refresh] rebuilding @ http://localhost:3000/_next/static/chunks/38e83_next_dist_fcd535bf._.js:2297
[  560870ms] [LOG] [Fast Refresh] done in 119ms @ http://localhost:3000/_next/static/chunks/38e83_next_dist_fcd535bf._.js:2297
[  561434ms] [LOG] [Fast Refresh] rebuilding @ http://localhost:3000/_next/static/chunks/38e83_next_dist_fcd535bf._.js:2297
[  561466ms] [LOG] [Fast Refresh] done in 132ms @ http://localhost:3000/_next/static/chunks/38e83_next_dist_fcd535bf._.js:2297
[  565096ms] [WARNING] The resource http://localhost:3000/_next/static/chunks/%5Broot-of-the-server%5D__86e6d70c._.css was preloaded using link preload but not used within a few seconds from the window's load event. Please make sure it has an appropriate `as` value and it is preloaded intentionally. @ http://localhost:3000/merchant/login:0
[  565097ms] [WARNING] The resource http://localhost:3000/_next/static/media/797e433ab948586e-s.p.dbea232f.woff2 was preloaded using link preload but not used within a few seconds from the window's load event. Please make sure it has an appropriate `as` value and it is preloaded intentionally. @ http://localhost:3000/merchant/login:0
[  565097ms] [WARNING] The resource http://localhost:3000/_next/static/media/caa3a2e1cccd8315-s.p.853070df.woff2 was preloaded using link preload but not used within a few seconds from the window's load event. Please make sure it has an appropriate `as` value and it is preloaded intentionally. @ http://localhost:3000/merchant/login:0
[ 2793188ms] [LOG] [HMR] connected @ http://localhost:3000/_next/static/chunks/38e83_next_dist_fcd535bf._.js:2297
