[     153ms] [LOG] [Fast Refresh] rebuilding @ http://localhost:3000/_next/static/chunks/38e83_next_dist_fcd535bf._.js:2297
[     425ms] [LOG] [Fast Refresh] done in 374ms @ http://localhost:3000/_next/static/chunks/38e83_next_dist_fcd535bf._.js:2297
[     659ms] [INFO] %cDownload the React DevTools for a better development experience: https://react.dev/link/react-devtools font-weight:bold @ http://localhost:3000/_next/static/chunks/38e83_next_dist_fcd535bf._.js:2297
[     680ms] [LOG] [HMR] connected @ http://localhost:3000/_next/static/chunks/38e83_next_dist_fcd535bf._.js:2297
[     728ms] [WARNING] Image with src "/logo.png" has either width or height modified, but not the other. If you use CSS to change the size of your image, also include the styles 'width: "auto"' or 'height: "auto"' to maintain the aspect ratio. @ http://localhost:3000/_next/static/chunks/38e83_next_dist_fcd535bf._.js:2297
[    3727ms] [WARNING] The resource http://localhost:3000/_next/static/chunks/%5Broot-of-the-server%5D__86e6d70c._.css was preloaded using link preload but not used within a few seconds from the window's load event. Please make sure it has an appropriate `as` value and it is preloaded intentionally. @ http://localhost:3000/track-orders:0
[    3728ms] [WARNING] The resource http://localhost:3000/_next/static/media/797e433ab948586e-s.p.dbea232f.woff2 was preloaded using link preload but not used within a few seconds from the window's load event. Please make sure it has an appropriate `as` value and it is preloaded intentionally. @ http://localhost:3000/track-orders:0
[    3728ms] [WARNING] The resource http://localhost:3000/_next/static/media/caa3a2e1cccd8315-s.p.853070df.woff2 was preloaded using link preload but not used within a few seconds from the window's load event. Please make sure it has an appropriate `as` value and it is preloaded intentionally. @ http://localhost:3000/track-orders:0
[   33965ms] [LOG] [Fast Refresh] rebuilding @ http://localhost:3000/_next/static/chunks/38e83_next_dist_fcd535bf._.js:2297
[   34305ms] [LOG] [Fast Refresh] done in 199ms @ http://localhost:3000/_next/static/chunks/38e83_next_dist_fcd535bf._.js:2297
[   34539ms] [WARNING] [HMR] Invalid message: {"isTrusted":true}
TypeError: Cannot convert undefined or null to object
    at Object.keys (<anonymous>)
    at extractModulesFromTurbopackMessage (http://localhost:3000/_next/static/chunks/38e83_next_dist_client_cad49bac._.js:11210:39)
    at TurbopackHmr.onTurbopackMessage (http://localhost:3000/_next/static/chunks/38e83_next_dist_client_cad49bac._.js:11157:32)
    at processMessage (http://localhost:3000/_next/static/chunks/38e83_next_dist_client_cad49bac._.js:11589:30)
    at WebSocket.handleMessage (http://localhost:3000/_next/static/chunks/38e83_next_dist_client_cad49bac._.js:10914:52) @ http://localhost:3000/_next/static/chunks/38e83_next_dist_fcd535bf._.js:2297
[   35353ms] [INFO] %cDownload the React DevTools for a better development experience: https://react.dev/link/react-devtools font-weight:bold @ http://localhost:3000/_next/static/chunks/38e83_next_dist_fcd535bf._.js:2297
[   35391ms] [LOG] [HMR] connected @ http://localhost:3000/_next/static/chunks/38e83_next_dist_fcd535bf._.js:2297
[   37393ms] [LOG] [Fast Refresh] rebuilding @ http://localhost:3000/_next/static/chunks/38e83_next_dist_fcd535bf._.js:2297
[   37399ms] [LOG] [Fast Refresh] done in 109ms @ http://localhost:3000/_next/static/chunks/38e83_next_dist_fcd535bf._.js:2297
[   38724ms] [WARNING] The resource http://localhost:3000/_next/static/chunks/%5Broot-of-the-server%5D__86e6d70c._.css was preloaded using link preload but not used within a few seconds from the window's load event. Please make sure it has an appropriate `as` value and it is preloaded intentionally. @ http://localhost:3000/track-orders:0
[   38724ms] [WARNING] The resource http://localhost:3000/_next/static/media/797e433ab948586e-s.p.dbea232f.woff2 was preloaded using link preload but not used within a few seconds from the window's load event. Please make sure it has an appropriate `as` value and it is preloaded intentionally. @ http://localhost:3000/track-orders:0
[   38724ms] [WARNING] The resource http://localhost:3000/_next/static/media/caa3a2e1cccd8315-s.p.853070df.woff2 was preloaded using link preload but not used within a few seconds from the window's load event. Please make sure it has an appropriate `as` value and it is preloaded intentionally. @ http://localhost:3000/track-orders:0
